[databaseCreation:0.0s] start

*** starting creation of database entry for CMS-PAS-SUS-13-016*** 

[databaseCreation:0.0s] cleaned up in /scratch/federico/SModelS_Hamburg/smodels-database/8TeV/CMS/CMS-PAS-SUS-13-016-eff/ 
[databaseCreation:0.0s] writing ./globalInfo.txt
[databaseCreation:0.0s] creating validation folder /scratch/federico/SModelS_Hamburg/smodels-utils/smodels_utils/dataPreparation/databaseCreation.py
[databaseCreation:0.0s] before going through txnames
[databaseCreation:0.0s] reading T1tttt
[databaseCreation:0.0s] computing upper limit for 1/1.2/1.0
[databaseCreation:6.5s] done computing upper limit.
[databaseCreation:6.5s] Reading mass plane: T1tttt, 2*Eq(mother,x)_Eq(lsp,y) [orig/Results_SUS13016.root]
[databaseCreation:9.9s] extended efficiencyMap to 313 entries >>> [[[400.0*GeV, 0.0*GeV], [400.0*GeV, 0.0*GeV]], 0.000563064330621] ... 
[databaseCreation:13.0s] extended efficiencyMap3D to 313 entries >>> [[[400.0*GeV, 0.0*GeV], [400.0*GeV, 0.0*GeV]], 0.000563064330621] ... 
[databaseCreation:13.0s] extended upperLimits to 0 entries 
[databaseCreation:13.0s] extended expectedUpperLimits to 0 entries 
[databaseCreation:13.0s] Found region: onShell 1
[databaseCreation:13.0s] Found region: offShell 1
[databaseCreation:13.0s] extend exclusionLines for T1tttt to 6 entries
[databaseCreation:13.0s] extend exclusionLines for T1ttttoff to 6 entries
[databaseCreation:13.0s] Now checking mass plane <smodels_utils.dataPreparation.inputObjects.MassPlane object at 0x7f2c003d9f90>
[databaseCreation:13.0s] we have 2 kin regions
[databaseCreation:13.3s] writing sr0/T1tttt.txt
[databaseCreation:13.3s] writing sr0/T1ttttoff.txt
[databaseCreation:13.3s] after going through txnames
[databaseCreation:13.3s] writing sr0/dataInfo.txt
[databaseCreation:13.3s] done
