TClass::TClass:0: RuntimeWarning: no dictionary for class TGraphDelaunay2D is available
Error in <TBufferFile::ReadObject>: trying to read an emulated class (TGraphDelaunay2D) to store in a compiled pointer (TObject)
Error in <TBufferFile::ReadObject>: trying to read an emulated class (TGraphDelaunay2D) to store in a compiled pointer (TObject)
[0.0s] [31mcreate next database entry for CMS-PAS-SUS-16-024[39m
[0.0s] [33mcleaned up in /scratch/federico/Feb2017_SModelS/smodels-database-MASTER/13TeV/CMS/CMS-PAS-SUS-16-024/ [39m
[0.0s] [33mwriting ./globalInfo.txt[39m
[0.0s] [33mcreating validation folder /scratch/federico/Feb2017_SModelS/smodels-utils/smodels_utils/dataPreparation/databaseCreation.py[39m
[0.0s] [37mreading TChiChipmStauL[39m
[0.0s] [33mReading mass plane: TChiChipmStauL, 2*Eq(mother,x)_Eq(inter0,0.5*x+0.5*y)_Eq(lsp,y) [PAS-SUS-16-024_Figure_009.root][None][39m
[0.0s] [33mextended efficiencyMap3D of None to 0 entries [39m
[382.0s] [33mextended upperLimits to 3828 entries >>> [[[103.125*GeV, 53.125*GeV, 3.125*GeV], [103.125*GeV, 53.125*GeV, 3.125*GeV]], 6.26448574001*pb] ... [39m
[382.2s] [33mextend exclusionLines for TChiChipmStauL to 6 entries[39m
[382.2s] [33mextend exclusionLines for TChiChipmStauLoff to 6 entries[39m
[382.2s] [33mNow checking mass plane 2*Eq(mother,x)_Eq(inter0,0.5*x+0.5*y)_Eq(lsp,y)[39m
[382.2s] [33mwe have 2 kin regions[39m
[387.8s] [33mwriting ./data/TChiChipmStauL.txt[39m
[387.8s] [37mreading TChiWH[39m
[387.8s] [33mReading mass plane: TChiWH, 2*Eq(mother,x)_Eq(lsp,y) [S-SUS-16-024_Figure_010-b.root][None][39m
[387.8s] [33mextended efficiencyMap3D of None to 0 entries [39m
[388.2s] [33mextended upperLimits to 36 entries >>> [[[137.5*GeV, 12.5*GeV], [137.5*GeV, 12.5*GeV]], 0.293288778625*pb] ... [39m
[388.3s] [33mextend exclusionLines for TChiWH to 6 entries[39m
[388.3s] [33mextend exclusionLines for TChiWHoff to 6 entries[39m
[388.3s] [33mNow checking mass plane 2*Eq(mother,x)_Eq(lsp,y)[39m
[388.3s] [33mwe have 2 kin regions[39m
[388.3s] [33mwriting ./data/TChiWH.txt[39m
[388.3s] [37mreading TChiWZ[39m
[388.3s] [33mReading mass plane: TChiWZ, 2*Eq(mother,x)_Eq(lsp,y) [S-SUS-16-024_Figure_010-a.root][None][39m
[388.3s] [33mextended efficiencyMap3D of None to 0 entries [39m
[447.8s] [33mextended upperLimits to 4444 entries >>> [[[102.5*GeV, 2.5*GeV], [102.5*GeV, 2.5*GeV]], 1.49964105299*pb] ... [39m
[447.8s] [33mextend exclusionLines for TChiWZ to 6 entries[39m
[447.8s] [33mextend exclusionLines for TChiWZoff to 6 entries[39m
[447.8s] [33mNow checking mass plane 2*Eq(mother,x)_Eq(lsp,y)[39m
[447.8s] [33mwe have 2 kin regions[39m
[451.8s] [33mwriting ./data/TChiWZ.txt[39m
[452.5s] [33mwriting ./data/TChiWZoff.txt[39m
[452.5s] [33mwriting ./data/dataInfo.txt[39m
[452.5s] [33madd TChiChipmStauL/exclusion_2*Eq(mother,x)_Eq(inter0,0.5*x+0.5*y)_Eq(lsp,y) to sms.root[39m
[452.6s] [33madd TChiWH/exclusion_2*Eq(mother,x)_Eq(lsp,y) to sms.root[39m
[452.6s] [33madd TChiWZ/exclusion_2*Eq(mother,x)_Eq(lsp,y) to sms.root[39m
[452.6s] [33madd TChiWZoff/exclusion_2*Eq(mother,x)_Eq(lsp,y) to sms.root[39m
