[databaseCreation:0.0s] start

*** starting creation of database entry for CMS-PAS-SUS-14-011*** 

[databaseCreation:0.0s] cleaned up in /scratch/federico/SModelS_Hamburg/smodels-database/8TeV/CMS/CMS-PAS-SUS-14-011/ 
[databaseCreation:0.0s] writing ./globalInfo.txt
[databaseCreation:0.0s] creating validation folder /scratch/federico/SModelS_Hamburg/smodels-utils/smodels_utils/dataPreparation/databaseCreation.py
[databaseCreation:0.0s] before going through txnames
[databaseCreation:0.0s] reading T1bbbb
[databaseCreation:0.0s] Reading mass plane: T1bbbb, 2*Eq(mother,x)_Eq(lsp,y) [rig/GluinoLimitsRazor2014.root]
[databaseCreation:0.0s] extended efficiencyMap to 0 entries 
[databaseCreation:0.0s] extended efficiencyMap3D to 0 entries 
[databaseCreation:20.3s] extended upperLimits to 1886 entries >>> [[[400.0*GeV, 0.0*GeV], [400.0*GeV, 0.0*GeV]], 0.0653203725959*pb] ... 
[databaseCreation:40.7s] extended expectedUpperLimits to 1886 entries >>> [[[400.0*GeV, 0.0*GeV], [400.0*GeV, 0.0*GeV]], 0.0503258902282*pb] ... 
[databaseCreation:40.7s] Found region: onShell 1
[databaseCreation:40.7s] Found region: offShell 1
[databaseCreation:40.7s] extend exclusionLines for T1bbbb to 3 entries
[databaseCreation:40.7s] extend exclusionLines for T1bbbboff to 3 entries
[databaseCreation:40.7s] Now checking mass plane <smodels_utils.dataPreparation.inputObjects.MassPlane object at 0x7fa1e57091d0>
[databaseCreation:40.7s] we have 2 kin regions
[databaseCreation:43.8s] writing ./data/T1bbbb.txt
[databaseCreation:43.8s] reading T2tt
[databaseCreation:43.8s] Reading mass plane: T2tt, 2*Eq(mother,x)_Eq(lsp,y) [orig/StopLimitsRazor2014.root]
[databaseCreation:43.8s] extended efficiencyMap to 0 entries 
[databaseCreation:43.8s] extended efficiencyMap3D to 0 entries 
[databaseCreation:49.1s] extended upperLimits to 536 entries >>> [[[150.0*GeV, 0.0*GeV], [150.0*GeV, 0.0*GeV]], 89.3131645206*pb] ... 
[databaseCreation:54.3s] extended expectedUpperLimits to 512 entries >>> [[[150.0*GeV, 0.0*GeV], [150.0*GeV, 0.0*GeV]], 65.122741602*pb] ... 
[databaseCreation:54.3s] Found region: onShell 1
[databaseCreation:54.4s] Found region: offShell 1
[databaseCreation:54.4s] extend exclusionLines for T2tt to 4 entries
[databaseCreation:54.4s] extend exclusionLines for T2ttoff to 4 entries
[databaseCreation:54.4s] Now checking mass plane <smodels_utils.dataPreparation.inputObjects.MassPlane object at 0x7fa1e5709650>
[databaseCreation:54.4s] we have 2 kin regions
[databaseCreation:55.3s] writing ./data/T2tt.txt
[databaseCreation:55.4s] writing ./data/T2ttoff.txt
[databaseCreation:55.4s] reading T1tttt
[databaseCreation:55.4s] Reading mass plane: T1tttt, 2*Eq(mother,x)_Eq(lsp,y) [rig/GluinoLimitsRazor2014.root]
[databaseCreation:55.4s] extended efficiencyMap to 0 entries 
[databaseCreation:55.4s] extended efficiencyMap3D to 0 entries 
[databaseCreation:70.8s] extended upperLimits to 1535 entries >>> [[[400.0*GeV, 0.0*GeV], [400.0*GeV, 0.0*GeV]], 0.320855048589*pb] ... 
[databaseCreation:85.9s] extended expectedUpperLimits to 1535 entries >>> [[[400.0*GeV, 0.0*GeV], [400.0*GeV, 0.0*GeV]], 0.274086811842*pb] ... 
[databaseCreation:85.9s] Found region: onShell 1
[databaseCreation:85.9s] Found region: offShell 1
[databaseCreation:85.9s] extend exclusionLines for T1tttt to 4 entries
[databaseCreation:85.9s] extend exclusionLines for T1ttttoff to 4 entries
[databaseCreation:85.9s] Now checking mass plane <smodels_utils.dataPreparation.inputObjects.MassPlane object at 0x7fa1e5709b50>
[databaseCreation:85.9s] we have 2 kin regions
[databaseCreation:88.4s] writing ./data/T1tttt.txt
[databaseCreation:88.8s] writing ./data/T1ttttoff.txt
[databaseCreation:88.8s] after going through txnames
[databaseCreation:88.8s] writing ./data/dataInfo.txt
[databaseCreation:88.8s] done
