[databaseCreation:0.0s] start

*** starting creation of database entry for CMS-PAS-SUS-13-016*** 

[databaseCreation:0.0s] cleaned up in /scratch/federico/SModelS_Hamburg/smodels-database/8TeV/CMS/CMS-PAS-SUS-13-016/ 
[databaseCreation:0.0s] writing ./globalInfo.txt
[databaseCreation:0.0s] creating validation folder /scratch/federico/SModelS_Hamburg/smodels-utils/smodels_utils/dataPreparation/databaseCreation.py
[databaseCreation:0.0s] before going through txnames
[databaseCreation:0.0s] reading T1tttt
[databaseCreation:0.0s] Reading mass plane: T1tttt, 2*Eq(mother,x)_Eq(lsp,y) [orig/Results_SUS13016.root]
[databaseCreation:0.0s] extended efficiencyMap to 0 entries 
[databaseCreation:0.0s] extended efficiencyMap3D to 0 entries 
[databaseCreation:3.4s] extended upperLimits to 311 entries >>> [[[400.0*GeV, 0.0*GeV], [400.0*GeV, 0.0*GeV]], 0.5473671*pb] ... 
[databaseCreation:3.4s] extended expectedUpperLimits to 0 entries 
[databaseCreation:3.4s] Found region: onShell 1
[databaseCreation:3.4s] Found region: offShell 1
[databaseCreation:3.4s] extend exclusionLines for T1tttt to 6 entries
[databaseCreation:3.4s] extend exclusionLines for T1ttttoff to 6 entries
[databaseCreation:3.4s] Now checking mass plane <smodels_utils.dataPreparation.inputObjects.MassPlane object at 0x7f52b86e4fd0>
[databaseCreation:3.4s] we have 2 kin regions
[databaseCreation:3.6s] writing ./data/T1tttt.txt
[databaseCreation:3.7s] writing ./data/T1ttttoff.txt
[databaseCreation:3.7s] after going through txnames
[databaseCreation:3.7s] writing ./data/dataInfo.txt
[databaseCreation:3.7s] done
