TCanvas::Constructor:0: RuntimeWarning: Deleting canvas with same name: cCONT_
TROOT::Append:0: RuntimeWarning: Replacing existing TH1: emptyHisto (Potential memory leak).
TROOT::Append:0: RuntimeWarning: Replacing existing TH1: hXsec_exp_corr (Potential memory leak).
TCanvas::Constructor:0: RuntimeWarning: Deleting canvas with same name: cCONT_
TROOT::Append:0: RuntimeWarning: Replacing existing TH1: emptyHisto (Potential memory leak).
TCanvas::Constructor:0: RuntimeWarning: Deleting canvas with same name: cCONT_
TROOT::Append:0: RuntimeWarning: Replacing existing TH1: emptyHisto (Potential memory leak).
TROOT::Append:0: RuntimeWarning: Replacing existing TH1: hXsec_obs_final (Potential memory leak).
TCanvas::Constructor:0: RuntimeWarning: Deleting canvas with same name: cCONT_
TROOT::Append:0: RuntimeWarning: Replacing existing TH1: emptyHisto (Potential memory leak).
TROOT::Append:0: RuntimeWarning: Replacing existing TH1: hXsec_exp_corr (Potential memory leak).
TCanvas::Constructor:0: RuntimeWarning: Deleting canvas with same name: cCONT_
TROOT::Append:0: RuntimeWarning: Replacing existing TH1: emptyHisto (Potential memory leak).
TROOT::Append:0: RuntimeWarning: Replacing existing TH1: hXsec_exp_corr (Potential memory leak).
TCanvas::Constructor:0: RuntimeWarning: Deleting canvas with same name: cCONT_
TROOT::Append:0: RuntimeWarning: Replacing existing TH1: emptyHisto (Potential memory leak).
TROOT::Append:0: RuntimeWarning: Replacing existing TH1: hXsec_obs_final (Potential memory leak).
TCanvas::Constructor:0: RuntimeWarning: Deleting canvas with same name: cCONT_
TROOT::Append:0: RuntimeWarning: Replacing existing TH1: emptyHisto (Potential memory leak).
TROOT::Append:0: RuntimeWarning: Replacing existing TH1: hXsec_obs_final (Potential memory leak).
TCanvas::Constructor:0: RuntimeWarning: Deleting canvas with same name: cCONT_
TROOT::Append:0: RuntimeWarning: Replacing existing TH1: emptyHisto (Potential memory leak).
TROOT::Append:0: RuntimeWarning: Replacing existing TH1: hXsec_exp_corr (Potential memory leak).
TCanvas::Constructor:0: RuntimeWarning: Deleting canvas with same name: cCONT_
TROOT::Append:0: RuntimeWarning: Replacing existing TH1: emptyHisto (Potential memory leak).
TROOT::Append:0: RuntimeWarning: Replacing existing TH1: hXsec_exp_corr (Potential memory leak).
TCanvas::Constructor:0: RuntimeWarning: Deleting canvas with same name: cCONT_
TROOT::Append:0: RuntimeWarning: Replacing existing TH1: emptyHisto (Potential memory leak).
TROOT::Append:0: RuntimeWarning: Replacing existing TH1: hXsec_obs_final (Potential memory leak).
TCanvas::Constructor:0: RuntimeWarning: Deleting canvas with same name: cCONT_
TROOT::Append:0: RuntimeWarning: Replacing existing TH1: emptyHisto (Potential memory leak).
TROOT::Append:0: RuntimeWarning: Replacing existing TH1: hXsec_obs_final (Potential memory leak).
TCanvas::Constructor:0: RuntimeWarning: Deleting canvas with same name: cCONT_
TROOT::Append:0: RuntimeWarning: Replacing existing TH1: emptyHisto (Potential memory leak).
TROOT::Append:0: RuntimeWarning: Replacing existing TH1: hXsec_exp_corr (Potential memory leak).
TCanvas::Constructor:0: RuntimeWarning: Deleting canvas with same name: cCONT_
TROOT::Append:0: RuntimeWarning: Replacing existing TH1: emptyHisto (Potential memory leak).
TROOT::Append:0: RuntimeWarning: Replacing existing TH1: hXsec_exp_corr (Potential memory leak).
TCanvas::Constructor:0: RuntimeWarning: Deleting canvas with same name: cCONT_
TROOT::Append:0: RuntimeWarning: Replacing existing TH1: emptyHisto (Potential memory leak).
TROOT::Append:0: RuntimeWarning: Replacing existing TH1: hXsec_obs_final (Potential memory leak).
TCanvas::Constructor:0: RuntimeWarning: Deleting canvas with same name: cCONT_
TROOT::Append:0: RuntimeWarning: Replacing existing TH1: emptyHisto (Potential memory leak).
TROOT::Append:0: RuntimeWarning: Replacing existing TH1: hXsec_obs_final (Potential memory leak).
TCanvas::Constructor:0: RuntimeWarning: Deleting canvas with same name: cCONT_
TROOT::Append:0: RuntimeWarning: Replacing existing TH1: emptyHisto (Potential memory leak).
TROOT::Append:0: RuntimeWarning: Replacing existing TH1: hXsec_exp_corr (Potential memory leak).
TCanvas::Constructor:0: RuntimeWarning: Deleting canvas with same name: cCONT_
TROOT::Append:0: RuntimeWarning: Replacing existing TH1: emptyHisto (Potential memory leak).
TROOT::Append:0: RuntimeWarning: Replacing existing TH1: hXsec_exp_corr (Potential memory leak).
TCanvas::Constructor:0: RuntimeWarning: Deleting canvas with same name: cCONT_
TROOT::Append:0: RuntimeWarning: Replacing existing TH1: emptyHisto (Potential memory leak).
TROOT::Append:0: RuntimeWarning: Replacing existing TH1: hXsec_obs_final (Potential memory leak).
TCanvas::Constructor:0: RuntimeWarning: Deleting canvas with same name: cCONT_
TROOT::Append:0: RuntimeWarning: Replacing existing TH1: emptyHisto (Potential memory leak).
TROOT::Append:0: RuntimeWarning: Replacing existing TH1: hXsec_obs_final (Potential memory leak).
TCanvas::Constructor:0: RuntimeWarning: Deleting canvas with same name: cCONT_
TROOT::Append:0: RuntimeWarning: Replacing existing TH1: emptyHisto (Potential memory leak).
TROOT::Append:0: RuntimeWarning: Replacing existing TH1: hXsec_exp_corr (Potential memory leak).
TCanvas::Constructor:0: RuntimeWarning: Deleting canvas with same name: cCONT_
TROOT::Append:0: RuntimeWarning: Replacing existing TH1: emptyHisto (Potential memory leak).
TROOT::Append:0: RuntimeWarning: Replacing existing TH1: hXsec_exp_corr (Potential memory leak).
TCanvas::Constructor:0: RuntimeWarning: Deleting canvas with same name: cCONT_
TROOT::Append:0: RuntimeWarning: Replacing existing TH1: emptyHisto (Potential memory leak).
TROOT::Append:0: RuntimeWarning: Replacing existing TH1: hXsec_obs_final (Potential memory leak).
TCanvas::Constructor:0: RuntimeWarning: Deleting canvas with same name: cCONT_
TROOT::Append:0: RuntimeWarning: Replacing existing TH1: emptyHisto (Potential memory leak).
TROOT::Append:0: RuntimeWarning: Replacing existing TH1: hXsec_obs_final (Potential memory leak).
TCanvas::Constructor:0: RuntimeWarning: Deleting canvas with same name: cCONT_
TROOT::Append:0: RuntimeWarning: Replacing existing TH1: emptyHisto (Potential memory leak).
TROOT::Append:0: RuntimeWarning: Replacing existing TH1: hXsec_exp_corr (Potential memory leak).
TCanvas::Constructor:0: RuntimeWarning: Deleting canvas with same name: cCONT_
TROOT::Append:0: RuntimeWarning: Replacing existing TH1: emptyHisto (Potential memory leak).
TROOT::Append:0: RuntimeWarning: Replacing existing TH1: hXsec_exp_corr (Potential memory leak).
TCanvas::Constructor:0: RuntimeWarning: Deleting canvas with same name: cCONT_
TROOT::Append:0: RuntimeWarning: Replacing existing TH1: emptyHisto (Potential memory leak).
TROOT::Append:0: RuntimeWarning: Replacing existing TH1: hXsec_obs_final (Potential memory leak).
TCanvas::Constructor:0: RuntimeWarning: Deleting canvas with same name: cCONT_
TROOT::Append:0: RuntimeWarning: Replacing existing TH1: emptyHisto (Potential memory leak).
TROOT::Append:0: RuntimeWarning: Replacing existing TH1: hXsec_obs_final (Potential memory leak).
TCanvas::Constructor:0: RuntimeWarning: Deleting canvas with same name: cCONT_
TROOT::Append:0: RuntimeWarning: Replacing existing TH1: emptyHisto (Potential memory leak).
TROOT::Append:0: RuntimeWarning: Replacing existing TH1: hXsec_exp_corr (Potential memory leak).
TCanvas::Constructor:0: RuntimeWarning: Deleting canvas with same name: cCONT_
TROOT::Append:0: RuntimeWarning: Replacing existing TH1: emptyHisto (Potential memory leak).
TROOT::Append:0: RuntimeWarning: Replacing existing TH1: hXsec_exp_corr (Potential memory leak).
TCanvas::Constructor:0: RuntimeWarning: Deleting canvas with same name: cCONT_
TROOT::Append:0: RuntimeWarning: Replacing existing TH1: emptyHisto (Potential memory leak).
TROOT::Append:0: RuntimeWarning: Replacing existing TH1: hXsec_obs_final (Potential memory leak).
TCanvas::Constructor:0: RuntimeWarning: Deleting canvas with same name: cCONT_
TROOT::Append:0: RuntimeWarning: Replacing existing TH1: emptyHisto (Potential memory leak).
TROOT::Append:0: RuntimeWarning: Replacing existing TH1: hXsec_obs_final (Potential memory leak).
TCanvas::Constructor:0: RuntimeWarning: Deleting canvas with same name: cCONT_
TROOT::Append:0: RuntimeWarning: Replacing existing TH1: emptyHisto (Potential memory leak).
TROOT::Append:0: RuntimeWarning: Replacing existing TH1: hXsec_exp_corr (Potential memory leak).
TCanvas::Constructor:0: RuntimeWarning: Deleting canvas with same name: cCONT_
TROOT::Append:0: RuntimeWarning: Replacing existing TH1: emptyHisto (Potential memory leak).
TROOT::Append:0: RuntimeWarning: Replacing existing TH1: hXsec_exp_corr (Potential memory leak).
TCanvas::Constructor:0: RuntimeWarning: Deleting canvas with same name: cCONT_
TROOT::Append:0: RuntimeWarning: Replacing existing TH1: emptyHisto (Potential memory leak).
TROOT::Append:0: RuntimeWarning: Replacing existing TH1: hXsec_obs_final (Potential memory leak).
TCanvas::Constructor:0: RuntimeWarning: Deleting canvas with same name: cCONT_
TROOT::Append:0: RuntimeWarning: Replacing existing TH1: emptyHisto (Potential memory leak).
TROOT::Append:0: RuntimeWarning: Replacing existing TH1: hXsec_obs_final (Potential memory leak).
TCanvas::Constructor:0: RuntimeWarning: Deleting canvas with same name: cCONT_
TROOT::Append:0: RuntimeWarning: Replacing existing TH1: emptyHisto (Potential memory leak).
TROOT::Append:0: RuntimeWarning: Replacing existing TH1: hXsec_exp_corr (Potential memory leak).
TCanvas::Constructor:0: RuntimeWarning: Deleting canvas with same name: cCONT_
TROOT::Append:0: RuntimeWarning: Replacing existing TH1: emptyHisto (Potential memory leak).
TROOT::Append:0: RuntimeWarning: Replacing existing TH1: hXsec_exp_corr (Potential memory leak).
TCanvas::Constructor:0: RuntimeWarning: Deleting canvas with same name: cCONT_
TROOT::Append:0: RuntimeWarning: Replacing existing TH1: emptyHisto (Potential memory leak).
TROOT::Append:0: RuntimeWarning: Replacing existing TH1: hXsec_obs_final (Potential memory leak).
TCanvas::Constructor:0: RuntimeWarning: Deleting canvas with same name: cCONT_
TROOT::Append:0: RuntimeWarning: Replacing existing TH1: emptyHisto (Potential memory leak).
TROOT::Append:0: RuntimeWarning: Replacing existing TH1: hXsec_obs_final (Potential memory leak).
TCanvas::Constructor:0: RuntimeWarning: Deleting canvas with same name: cCONT_
TROOT::Append:0: RuntimeWarning: Replacing existing TH1: emptyHisto (Potential memory leak).
TROOT::Append:0: RuntimeWarning: Replacing existing TH1: hXsec_exp_corr (Potential memory leak).
TCanvas::Constructor:0: RuntimeWarning: Deleting canvas with same name: cCONT_
TROOT::Append:0: RuntimeWarning: Replacing existing TH1: emptyHisto (Potential memory leak).
TROOT::Append:0: RuntimeWarning: Replacing existing TH1: hXsec_exp_corr (Potential memory leak).
TCanvas::Constructor:0: RuntimeWarning: Deleting canvas with same name: cCONT_
TROOT::Append:0: RuntimeWarning: Replacing existing TH1: emptyHisto (Potential memory leak).
TROOT::Append:0: RuntimeWarning: Replacing existing TH1: hXsec_obs_final (Potential memory leak).
TCanvas::Constructor:0: RuntimeWarning: Deleting canvas with same name: cCONT_
TROOT::Append:0: RuntimeWarning: Replacing existing TH1: emptyHisto (Potential memory leak).
TROOT::Append:0: RuntimeWarning: Replacing existing TH1: hXsec_obs_final (Potential memory leak).
TCanvas::Constructor:0: RuntimeWarning: Deleting canvas with same name: cCONT_
TROOT::Append:0: RuntimeWarning: Replacing existing TH1: emptyHisto (Potential memory leak).
TROOT::Append:0: RuntimeWarning: Replacing existing TH1: hXsec_exp_corr (Potential memory leak).
TCanvas::Constructor:0: RuntimeWarning: Deleting canvas with same name: cCONT_
TROOT::Append:0: RuntimeWarning: Replacing existing TH1: emptyHisto (Potential memory leak).
TROOT::Append:0: RuntimeWarning: Replacing existing TH1: hXsec_exp_corr (Potential memory leak).
TCanvas::Constructor:0: RuntimeWarning: Deleting canvas with same name: cCONT_
TROOT::Append:0: RuntimeWarning: Replacing existing TH1: emptyHisto (Potential memory leak).
TROOT::Append:0: RuntimeWarning: Replacing existing TH1: hXsec_obs_final (Potential memory leak).
TCanvas::Constructor:0: RuntimeWarning: Deleting canvas with same name: cCONT_
TROOT::Append:0: RuntimeWarning: Replacing existing TH1: emptyHisto (Potential memory leak).
TROOT::Append:0: RuntimeWarning: Replacing existing TH1: hXsec_obs_final (Potential memory leak).
TCanvas::Constructor:0: RuntimeWarning: Deleting canvas with same name: cCONT_
TROOT::Append:0: RuntimeWarning: Replacing existing TH1: emptyHisto (Potential memory leak).
TROOT::Append:0: RuntimeWarning: Replacing existing TH1: hXsec_exp_corr (Potential memory leak).
TCanvas::Constructor:0: RuntimeWarning: Deleting canvas with same name: cCONT_
TROOT::Append:0: RuntimeWarning: Replacing existing TH1: emptyHisto (Potential memory leak).
TROOT::Append:0: RuntimeWarning: Replacing existing TH1: hXsec_exp_corr (Potential memory leak).
TCanvas::Constructor:0: RuntimeWarning: Deleting canvas with same name: cCONT_
TROOT::Append:0: RuntimeWarning: Replacing existing TH1: emptyHisto (Potential memory leak).
TROOT::Append:0: RuntimeWarning: Replacing existing TH1: hXsec_obs_final (Potential memory leak).
TCanvas::Constructor:0: RuntimeWarning: Deleting canvas with same name: cCONT_
TROOT::Append:0: RuntimeWarning: Replacing existing TH1: emptyHisto (Potential memory leak).
TROOT::Append:0: RuntimeWarning: Replacing existing TH1: hXsec_obs_final (Potential memory leak).
TCanvas::Constructor:0: RuntimeWarning: Deleting canvas with same name: cCONT_
TROOT::Append:0: RuntimeWarning: Replacing existing TH1: emptyHisto (Potential memory leak).
TROOT::Append:0: RuntimeWarning: Replacing existing TH1: hXsec_exp_corr (Potential memory leak).
TCanvas::Constructor:0: RuntimeWarning: Deleting canvas with same name: cCONT_
TROOT::Append:0: RuntimeWarning: Replacing existing TH1: emptyHisto (Potential memory leak).
TROOT::Append:0: RuntimeWarning: Replacing existing TH1: hXsec_exp_corr (Potential memory leak).
TCanvas::Constructor:0: RuntimeWarning: Deleting canvas with same name: cCONT_
TROOT::Append:0: RuntimeWarning: Replacing existing TH1: emptyHisto (Potential memory leak).
TROOT::Append:0: RuntimeWarning: Replacing existing TH1: hXsec_obs_final (Potential memory leak).
TCanvas::Constructor:0: RuntimeWarning: Deleting canvas with same name: cCONT_
TROOT::Append:0: RuntimeWarning: Replacing existing TH1: emptyHisto (Potential memory leak).
TROOT::Append:0: RuntimeWarning: Replacing existing TH1: hXsec_obs_final (Potential memory leak).
[databaseCreation:0.0s] start

*** starting creation of database entry for CMS-SUS-12-024*** 

[databaseCreation:0.0s] cleaned up in /scratch/federico/SModelS_Hamburg/smodels-database/8TeV/CMS/CMS-SUS-12-024-eff/ 
[databaseCreation:0.0s] writing ./globalInfo.txt
[databaseCreation:0.0s] creating validation folder /scratch/federico/SModelS_Hamburg/smodels-utils/smodels_utils/dataPreparation/databaseCreation.py
[databaseCreation:0.0s] before going through txnames
[databaseCreation:0.0s] reading T1bbbb
[databaseCreation:0.0s] computing upper limit for 161/157.0/13.0
[databaseCreation:8.5s] done computing upper limit.
[databaseCreation:8.5s] Reading mass plane: T1bbbb, 2*Eq(mother,x)_Eq(lsp,y) [g/T1bbbb_exclusion_corrected.C]
[databaseCreation:15.9s] extended efficiencyMap to 657 entries >>> [[[400.0*GeV, 50.0*GeV], [400.0*GeV, 50.0*GeV]], 0.020219792896] ... 
[databaseCreation:22.8s] extended efficiencyMap3D to 657 entries >>> [[[400.0*GeV, 50.0*GeV], [400.0*GeV, 50.0*GeV]], 0.020219792896] ... 
[databaseCreation:22.8s] extended upperLimits to 0 entries 
[databaseCreation:22.8s] extended expectedUpperLimits to 0 entries 
[databaseCreation:22.9s] Found region: onShell 1
[databaseCreation:23.0s] Found region: offShell 1
[databaseCreation:23.0s] extend exclusionLines for T1bbbb to 1 entries
[databaseCreation:23.0s] extend exclusionLines for T1bbbboff to 1 entries
[databaseCreation:23.0s] Now checking mass plane <smodels_utils.dataPreparation.inputObjects.MassPlane object at 0x7f1e5c40fed0>
[databaseCreation:23.0s] we have 2 kin regions
[databaseCreation:23.5s] writing MET2_HT1_nb3/T1bbbb.txt
[databaseCreation:23.5s] reading T1tttt
[databaseCreation:23.5s] computing upper limit for 161/157.0/13.0
[databaseCreation:23.5s] done computing upper limit.
[databaseCreation:23.5s] Reading mass plane: T1tttt, 2*Eq(mother,x)_Eq(lsp,y) [g/T1tttt_exclusion_corrected.C]
[databaseCreation:28.4s] extended efficiencyMap to 502 entries >>> [[[600.0*GeV, 0.0*GeV], [600.0*GeV, 0.0*GeV]], 0.00145667881637] ... 
[databaseCreation:33.3s] extended efficiencyMap3D to 502 entries >>> [[[600.0*GeV, 0.0*GeV], [600.0*GeV, 0.0*GeV]], 0.00145667881637] ... 
[databaseCreation:33.3s] extended upperLimits to 0 entries 
[databaseCreation:33.3s] extended expectedUpperLimits to 0 entries 
[databaseCreation:33.3s] Found region: onShell 1
[databaseCreation:33.4s] Found region: offShell 1
[databaseCreation:33.4s] extend exclusionLines for T1tttt to 1 entries
[databaseCreation:33.4s] extend exclusionLines for T1ttttoff to 1 entries
[databaseCreation:33.4s] Now checking mass plane <smodels_utils.dataPreparation.inputObjects.MassPlane object at 0x7f1e5c42f390>
[databaseCreation:33.4s] we have 2 kin regions
[databaseCreation:33.8s] writing MET2_HT1_nb3/T1tttt.txt
[databaseCreation:33.9s] writing MET2_HT1_nb3/T1ttttoff.txt
[databaseCreation:33.9s] after going through txnames
[databaseCreation:33.9s] writing MET2_HT1_nb3/dataInfo.txt
[databaseCreation:33.9s] done
[databaseCreation:33.9s] start

*** starting creation of database entry for CMS-SUS-12-024*** 

[databaseCreation:33.9s] before going through txnames
[databaseCreation:33.9s] reading T1bbbb
[databaseCreation:33.9s] computing upper limit for 182/179.0/13.0
[databaseCreation:39.6s] done computing upper limit.
[databaseCreation:39.6s] Reading mass plane: T1bbbb, 2*Eq(mother,x)_Eq(lsp,y) [g/T1bbbb_exclusion_corrected.C]
[databaseCreation:46.5s] extended efficiencyMap to 657 entries >>> [[[400.0*GeV, 50.0*GeV], [400.0*GeV, 50.0*GeV]], 0.0306157218027] ... 
[databaseCreation:53.4s] extended efficiencyMap3D to 657 entries >>> [[[400.0*GeV, 50.0*GeV], [400.0*GeV, 50.0*GeV]], 0.0306157218027] ... 
[databaseCreation:53.4s] extended upperLimits to 0 entries 
[databaseCreation:53.4s] extended expectedUpperLimits to 0 entries 
[databaseCreation:53.5s] Found region: onShell 1
[databaseCreation:53.5s] Found region: offShell 1
[databaseCreation:53.5s] extend exclusionLines for T1bbbb to 1 entries
[databaseCreation:53.5s] extend exclusionLines for T1bbbboff to 1 entries
[databaseCreation:53.5s] Now checking mass plane <smodels_utils.dataPreparation.inputObjects.MassPlane object at 0x7f1e5c40fed0>
[databaseCreation:53.5s] we have 2 kin regions
[databaseCreation:54.0s] writing MET2_HT2_nb3/T1bbbb.txt
[databaseCreation:54.0s] reading T1tttt
[databaseCreation:54.0s] computing upper limit for 182/179.0/13.0
[databaseCreation:54.0s] done computing upper limit.
[databaseCreation:54.0s] Reading mass plane: T1tttt, 2*Eq(mother,x)_Eq(lsp,y) [g/T1tttt_exclusion_corrected.C]
[databaseCreation:58.8s] extended efficiencyMap to 502 entries >>> [[[600.0*GeV, 0.0*GeV], [600.0*GeV, 0.0*GeV]], 0.0120959612189] ... 
[databaseCreation:63.6s] extended efficiencyMap3D to 502 entries >>> [[[600.0*GeV, 0.0*GeV], [600.0*GeV, 0.0*GeV]], 0.0120959612189] ... 
[databaseCreation:63.6s] extended upperLimits to 0 entries 
[databaseCreation:63.6s] extended expectedUpperLimits to 0 entries 
[databaseCreation:63.7s] Found region: onShell 1
[databaseCreation:63.7s] Found region: offShell 1
[databaseCreation:63.7s] extend exclusionLines for T1tttt to 1 entries
[databaseCreation:63.7s] extend exclusionLines for T1ttttoff to 1 entries
[databaseCreation:63.7s] Now checking mass plane <smodels_utils.dataPreparation.inputObjects.MassPlane object at 0x7f1e5c42f390>
[databaseCreation:63.7s] we have 2 kin regions
[databaseCreation:64.1s] writing MET2_HT2_nb3/T1tttt.txt
[databaseCreation:64.2s] writing MET2_HT2_nb3/T1ttttoff.txt
[databaseCreation:64.2s] after going through txnames
[databaseCreation:64.2s] writing MET2_HT2_nb3/dataInfo.txt
[databaseCreation:64.2s] done
[databaseCreation:64.2s] start

*** starting creation of database entry for CMS-SUS-12-024*** 

[databaseCreation:64.2s] before going through txnames
[databaseCreation:64.2s] reading T1bbbb
[databaseCreation:64.2s] computing upper limit for 18/23.2/3.8
[databaseCreation:71.3s] done computing upper limit.
[databaseCreation:71.3s] Reading mass plane: T1bbbb, 2*Eq(mother,x)_Eq(lsp,y) [g/T1bbbb_exclusion_corrected.C]
[databaseCreation:78.3s] extended efficiencyMap to 657 entries >>> [[[400.0*GeV, 50.0*GeV], [400.0*GeV, 50.0*GeV]], 0.00487956201141] ... 
[databaseCreation:85.1s] extended efficiencyMap3D to 657 entries >>> [[[400.0*GeV, 50.0*GeV], [400.0*GeV, 50.0*GeV]], 0.00487956201141] ... 
[databaseCreation:85.1s] extended upperLimits to 0 entries 
[databaseCreation:85.1s] extended expectedUpperLimits to 0 entries 
[databaseCreation:85.1s] Found region: onShell 1
[databaseCreation:85.2s] Found region: offShell 1
[databaseCreation:85.2s] extend exclusionLines for T1bbbb to 1 entries
[databaseCreation:85.2s] extend exclusionLines for T1bbbboff to 1 entries
[databaseCreation:85.2s] Now checking mass plane <smodels_utils.dataPreparation.inputObjects.MassPlane object at 0x7f1e5c40fed0>
[databaseCreation:85.2s] we have 2 kin regions
[databaseCreation:85.7s] writing MET2_HT3_nb3/T1bbbb.txt
[databaseCreation:85.7s] reading T1tttt
[databaseCreation:85.7s] computing upper limit for 18/23.2/3.8
[databaseCreation:85.7s] done computing upper limit.
[databaseCreation:85.7s] Reading mass plane: T1tttt, 2*Eq(mother,x)_Eq(lsp,y) [g/T1tttt_exclusion_corrected.C]
[databaseCreation:90.5s] extended efficiencyMap to 502 entries >>> [[[600.0*GeV, 0.0*GeV], [600.0*GeV, 0.0*GeV]], 0.00676717560756] ... 
[databaseCreation:95.4s] extended efficiencyMap3D to 502 entries >>> [[[600.0*GeV, 0.0*GeV], [600.0*GeV, 0.0*GeV]], 0.00676717560756] ... 
[databaseCreation:95.4s] extended upperLimits to 0 entries 
[databaseCreation:95.4s] extended expectedUpperLimits to 0 entries 
[databaseCreation:95.4s] Found region: onShell 1
[databaseCreation:95.5s] Found region: offShell 1
[databaseCreation:95.5s] extend exclusionLines for T1tttt to 1 entries
[databaseCreation:95.5s] extend exclusionLines for T1ttttoff to 1 entries
[databaseCreation:95.5s] Now checking mass plane <smodels_utils.dataPreparation.inputObjects.MassPlane object at 0x7f1e5c42f390>
[databaseCreation:95.5s] we have 2 kin regions
[databaseCreation:95.8s] writing MET2_HT3_nb3/T1tttt.txt
[databaseCreation:95.9s] writing MET2_HT3_nb3/T1ttttoff.txt
[databaseCreation:95.9s] after going through txnames
[databaseCreation:95.9s] writing MET2_HT3_nb3/dataInfo.txt
[databaseCreation:95.9s] done
[databaseCreation:95.9s] start

*** starting creation of database entry for CMS-SUS-12-024*** 

[databaseCreation:95.9s] before going through txnames
[databaseCreation:95.9s] reading T1bbbb
[databaseCreation:95.9s] computing upper limit for 14/12.3/2.7
[databaseCreation:103.8s] done computing upper limit.
[databaseCreation:103.8s] Reading mass plane: T1bbbb, 2*Eq(mother,x)_Eq(lsp,y) [g/T1bbbb_exclusion_corrected.C]
[databaseCreation:110.7s] extended efficiencyMap to 657 entries >>> [[[400.0*GeV, 50.0*GeV], [400.0*GeV, 50.0*GeV]], 0.00242950566563] ... 
[databaseCreation:117.6s] extended efficiencyMap3D to 657 entries >>> [[[400.0*GeV, 50.0*GeV], [400.0*GeV, 50.0*GeV]], 0.00242950566563] ... 
[databaseCreation:117.6s] extended upperLimits to 0 entries 
[databaseCreation:117.6s] extended expectedUpperLimits to 0 entries 
[databaseCreation:117.7s] Found region: onShell 1
[databaseCreation:117.7s] Found region: offShell 1
[databaseCreation:117.7s] extend exclusionLines for T1bbbb to 1 entries
[databaseCreation:117.7s] extend exclusionLines for T1bbbboff to 1 entries
[databaseCreation:117.7s] Now checking mass plane <smodels_utils.dataPreparation.inputObjects.MassPlane object at 0x7f1e5c40fed0>
[databaseCreation:117.7s] we have 2 kin regions
[databaseCreation:118.2s] writing MET2_HT4_nb3/T1bbbb.txt
[databaseCreation:118.2s] reading T1tttt
[databaseCreation:118.2s] computing upper limit for 14/12.3/2.7
[databaseCreation:118.2s] done computing upper limit.
[databaseCreation:118.2s] Reading mass plane: T1tttt, 2*Eq(mother,x)_Eq(lsp,y) [g/T1tttt_exclusion_corrected.C]
[databaseCreation:123.1s] extended efficiencyMap to 502 entries >>> [[[600.0*GeV, 0.0*GeV], [600.0*GeV, 0.0*GeV]], 0.00521023880131] ... 
[databaseCreation:128.0s] extended efficiencyMap3D to 502 entries >>> [[[600.0*GeV, 0.0*GeV], [600.0*GeV, 0.0*GeV]], 0.00521023880131] ... 
[databaseCreation:128.0s] extended upperLimits to 0 entries 
[databaseCreation:128.0s] extended expectedUpperLimits to 0 entries 
[databaseCreation:128.0s] Found region: onShell 1
[databaseCreation:128.1s] Found region: offShell 1
[databaseCreation:128.1s] extend exclusionLines for T1tttt to 1 entries
[databaseCreation:128.1s] extend exclusionLines for T1ttttoff to 1 entries
[databaseCreation:128.1s] Now checking mass plane <smodels_utils.dataPreparation.inputObjects.MassPlane object at 0x7f1e5c42f390>
[databaseCreation:128.1s] we have 2 kin regions
[databaseCreation:128.7s] writing MET2_HT4_nb3/T1tttt.txt
[databaseCreation:129.9s] writing MET2_HT4_nb3/T1ttttoff.txt
[databaseCreation:129.9s] after going through txnames
[databaseCreation:129.9s] writing MET2_HT4_nb3/dataInfo.txt
[databaseCreation:129.9s] done
[databaseCreation:129.9s] start

*** starting creation of database entry for CMS-SUS-12-024*** 

[databaseCreation:129.9s] before going through txnames
[databaseCreation:129.9s] reading T1bbbb
[databaseCreation:129.9s] computing upper limit for 15/15.5/3.0
[databaseCreation:138.4s] done computing upper limit.
[databaseCreation:138.4s] Reading mass plane: T1bbbb, 2*Eq(mother,x)_Eq(lsp,y) [g/T1bbbb_exclusion_corrected.C]
[databaseCreation:145.4s] extended efficiencyMap to 657 entries >>> [[[400.0*GeV, 50.0*GeV], [400.0*GeV, 50.0*GeV]], 0.00581235525347] ... 
[databaseCreation:152.4s] extended efficiencyMap3D to 657 entries >>> [[[400.0*GeV, 50.0*GeV], [400.0*GeV, 50.0*GeV]], 0.00581235525347] ... 
[databaseCreation:152.4s] extended upperLimits to 0 entries 
[databaseCreation:152.4s] extended expectedUpperLimits to 0 entries 
[databaseCreation:152.5s] Found region: onShell 1
[databaseCreation:152.5s] Found region: offShell 1
[databaseCreation:152.5s] extend exclusionLines for T1bbbb to 1 entries
[databaseCreation:152.5s] extend exclusionLines for T1bbbboff to 1 entries
[databaseCreation:152.5s] Now checking mass plane <smodels_utils.dataPreparation.inputObjects.MassPlane object at 0x7f1e5c40fed0>
[databaseCreation:152.6s] we have 2 kin regions
[databaseCreation:153.0s] writing MET3_HT1_nb3/T1bbbb.txt
[databaseCreation:153.0s] reading T1tttt
[databaseCreation:153.0s] computing upper limit for 15/15.5/3.0
[databaseCreation:153.0s] done computing upper limit.
[databaseCreation:153.0s] Reading mass plane: T1tttt, 2*Eq(mother,x)_Eq(lsp,y) [g/T1tttt_exclusion_corrected.C]
[databaseCreation:158.0s] extended efficiencyMap to 502 entries >>> [[[600.0*GeV, 0.0*GeV], [600.0*GeV, 0.0*GeV]], 0.000404654835245] ... 
[databaseCreation:163.0s] extended efficiencyMap3D to 502 entries >>> [[[600.0*GeV, 0.0*GeV], [600.0*GeV, 0.0*GeV]], 0.000404654835245] ... 
[databaseCreation:163.0s] extended upperLimits to 0 entries 
[databaseCreation:163.0s] extended expectedUpperLimits to 0 entries 
[databaseCreation:163.0s] Found region: onShell 1
[databaseCreation:163.1s] Found region: offShell 1
[databaseCreation:163.1s] extend exclusionLines for T1tttt to 1 entries
[databaseCreation:163.1s] extend exclusionLines for T1ttttoff to 1 entries
[databaseCreation:163.1s] Now checking mass plane <smodels_utils.dataPreparation.inputObjects.MassPlane object at 0x7f1e5c42f390>
[databaseCreation:163.1s] we have 2 kin regions
[databaseCreation:163.5s] writing MET3_HT1_nb3/T1tttt.txt
[databaseCreation:163.5s] writing MET3_HT1_nb3/T1ttttoff.txt
[databaseCreation:163.5s] after going through txnames
[databaseCreation:163.5s] writing MET3_HT1_nb3/dataInfo.txt
[databaseCreation:163.5s] done
[databaseCreation:163.5s] start

*** starting creation of database entry for CMS-SUS-12-024*** 

[databaseCreation:163.5s] before going through txnames
[databaseCreation:163.5s] reading T1bbbb
[databaseCreation:163.5s] computing upper limit for 36/32.1/4.3
[databaseCreation:168.5s] done computing upper limit.
[databaseCreation:168.5s] Reading mass plane: T1bbbb, 2*Eq(mother,x)_Eq(lsp,y) [g/T1bbbb_exclusion_corrected.C]
[databaseCreation:175.7s] extended efficiencyMap to 657 entries >>> [[[400.0*GeV, 50.0*GeV], [400.0*GeV, 50.0*GeV]], 0.0110736754306] ... 
[databaseCreation:182.7s] extended efficiencyMap3D to 657 entries >>> [[[400.0*GeV, 50.0*GeV], [400.0*GeV, 50.0*GeV]], 0.0110736754306] ... 
[databaseCreation:182.7s] extended upperLimits to 0 entries 
[databaseCreation:182.7s] extended expectedUpperLimits to 0 entries 
[databaseCreation:182.7s] Found region: onShell 1
[databaseCreation:182.8s] Found region: offShell 1
[databaseCreation:182.8s] extend exclusionLines for T1bbbb to 1 entries
[databaseCreation:182.8s] extend exclusionLines for T1bbbboff to 1 entries
[databaseCreation:182.8s] Now checking mass plane <smodels_utils.dataPreparation.inputObjects.MassPlane object at 0x7f1e5c40fed0>
[databaseCreation:182.8s] we have 2 kin regions
[databaseCreation:183.3s] writing MET3_HT2_nb3/T1bbbb.txt
[databaseCreation:183.3s] reading T1tttt
[databaseCreation:183.3s] computing upper limit for 36/32.1/4.3
[databaseCreation:183.3s] done computing upper limit.
[databaseCreation:183.3s] Reading mass plane: T1tttt, 2*Eq(mother,x)_Eq(lsp,y) [g/T1tttt_exclusion_corrected.C]
[databaseCreation:188.1s] extended efficiencyMap to 502 entries >>> [[[600.0*GeV, 0.0*GeV], [600.0*GeV, 0.0*GeV]], 0.00409294980674] ... 
[databaseCreation:192.9s] extended efficiencyMap3D to 502 entries >>> [[[600.0*GeV, 0.0*GeV], [600.0*GeV, 0.0*GeV]], 0.00409294980674] ... 
[databaseCreation:192.9s] extended upperLimits to 0 entries 
[databaseCreation:192.9s] extended expectedUpperLimits to 0 entries 
[databaseCreation:193.0s] Found region: onShell 1
[databaseCreation:193.0s] Found region: offShell 1
[databaseCreation:193.0s] extend exclusionLines for T1tttt to 1 entries
[databaseCreation:193.0s] extend exclusionLines for T1ttttoff to 1 entries
[databaseCreation:193.0s] Now checking mass plane <smodels_utils.dataPreparation.inputObjects.MassPlane object at 0x7f1e5c42f390>
[databaseCreation:193.0s] we have 2 kin regions
[databaseCreation:193.4s] writing MET3_HT2_nb3/T1tttt.txt
[databaseCreation:193.5s] writing MET3_HT2_nb3/T1ttttoff.txt
[databaseCreation:193.5s] after going through txnames
[databaseCreation:193.5s] writing MET3_HT2_nb3/dataInfo.txt
[databaseCreation:193.5s] done
[databaseCreation:193.5s] start

*** starting creation of database entry for CMS-SUS-12-024*** 

[databaseCreation:193.5s] before going through txnames
[databaseCreation:193.5s] reading T1bbbb
[databaseCreation:193.5s] computing upper limit for 6/5.9/1.9
[databaseCreation:200.7s] done computing upper limit.
[databaseCreation:200.7s] Reading mass plane: T1bbbb, 2*Eq(mother,x)_Eq(lsp,y) [g/T1bbbb_exclusion_corrected.C]
[databaseCreation:207.8s] extended efficiencyMap to 657 entries >>> [[[400.0*GeV, 50.0*GeV], [400.0*GeV, 50.0*GeV]], 0.00255040506846] ... 
[databaseCreation:214.8s] extended efficiencyMap3D to 657 entries >>> [[[400.0*GeV, 50.0*GeV], [400.0*GeV, 50.0*GeV]], 0.00255040506846] ... 
[databaseCreation:214.8s] extended upperLimits to 0 entries 
[databaseCreation:214.8s] extended expectedUpperLimits to 0 entries 
[databaseCreation:214.8s] Found region: onShell 1
[databaseCreation:214.9s] Found region: offShell 1
[databaseCreation:214.9s] extend exclusionLines for T1bbbb to 1 entries
[databaseCreation:214.9s] extend exclusionLines for T1bbbboff to 1 entries
[databaseCreation:214.9s] Now checking mass plane <smodels_utils.dataPreparation.inputObjects.MassPlane object at 0x7f1e5c40fed0>
[databaseCreation:214.9s] we have 2 kin regions
[databaseCreation:215.4s] writing MET3_HT3_nb3/T1bbbb.txt
[databaseCreation:215.4s] reading T1tttt
[databaseCreation:215.4s] computing upper limit for 6/5.9/1.9
[databaseCreation:215.4s] done computing upper limit.
[databaseCreation:215.4s] Reading mass plane: T1tttt, 2*Eq(mother,x)_Eq(lsp,y) [g/T1tttt_exclusion_corrected.C]
[databaseCreation:220.3s] extended efficiencyMap to 502 entries >>> [[[600.0*GeV, 0.0*GeV], [600.0*GeV, 0.0*GeV]], 0.00234465061192] ... 
[databaseCreation:225.1s] extended efficiencyMap3D to 502 entries >>> [[[600.0*GeV, 0.0*GeV], [600.0*GeV, 0.0*GeV]], 0.00234465061192] ... 
[databaseCreation:225.1s] extended upperLimits to 0 entries 
[databaseCreation:225.1s] extended expectedUpperLimits to 0 entries 
[databaseCreation:225.2s] Found region: onShell 1
[databaseCreation:225.2s] Found region: offShell 1
[databaseCreation:225.2s] extend exclusionLines for T1tttt to 1 entries
[databaseCreation:225.2s] extend exclusionLines for T1ttttoff to 1 entries
[databaseCreation:225.2s] Now checking mass plane <smodels_utils.dataPreparation.inputObjects.MassPlane object at 0x7f1e5c42f390>
[databaseCreation:225.2s] we have 2 kin regions
[databaseCreation:225.6s] writing MET3_HT3_nb3/T1tttt.txt
[databaseCreation:225.7s] writing MET3_HT3_nb3/T1ttttoff.txt
[databaseCreation:225.7s] after going through txnames
[databaseCreation:225.7s] writing MET3_HT3_nb3/dataInfo.txt
[databaseCreation:225.7s] done
[databaseCreation:225.7s] start

*** starting creation of database entry for CMS-SUS-12-024*** 

[databaseCreation:225.7s] before going through txnames
[databaseCreation:225.7s] reading T1bbbb
[databaseCreation:225.7s] computing upper limit for 4/2.9/1.3
[databaseCreation:231.7s] done computing upper limit.
[databaseCreation:231.7s] Reading mass plane: T1bbbb, 2*Eq(mother,x)_Eq(lsp,y) [g/T1bbbb_exclusion_corrected.C]
[databaseCreation:238.7s] extended efficiencyMap to 657 entries >>> [[[400.0*GeV, 50.0*GeV], [400.0*GeV, 50.0*GeV]], 0.0013105140332] ... 
[databaseCreation:245.9s] extended efficiencyMap3D to 657 entries >>> [[[400.0*GeV, 50.0*GeV], [400.0*GeV, 50.0*GeV]], 0.0013105140332] ... 
[databaseCreation:245.9s] extended upperLimits to 0 entries 
[databaseCreation:245.9s] extended expectedUpperLimits to 0 entries 
[databaseCreation:245.9s] Found region: onShell 1
[databaseCreation:246.0s] Found region: offShell 1
[databaseCreation:246.0s] extend exclusionLines for T1bbbb to 1 entries
[databaseCreation:246.0s] extend exclusionLines for T1bbbboff to 1 entries
[databaseCreation:246.0s] Now checking mass plane <smodels_utils.dataPreparation.inputObjects.MassPlane object at 0x7f1e5c40fed0>
[databaseCreation:246.0s] we have 2 kin regions
[databaseCreation:246.5s] writing MET3_HT4_nb3/T1bbbb.txt
[databaseCreation:246.5s] reading T1tttt
[databaseCreation:246.5s] computing upper limit for 4/2.9/1.3
[databaseCreation:246.5s] done computing upper limit.
[databaseCreation:246.5s] Reading mass plane: T1tttt, 2*Eq(mother,x)_Eq(lsp,y) [g/T1tttt_exclusion_corrected.C]
[databaseCreation:251.4s] extended efficiencyMap to 502 entries >>> [[[600.0*GeV, 0.0*GeV], [600.0*GeV, 0.0*GeV]], 0.00230529108787] ... 
[databaseCreation:256.4s] extended efficiencyMap3D to 502 entries >>> [[[600.0*GeV, 0.0*GeV], [600.0*GeV, 0.0*GeV]], 0.00230529108787] ... 
[databaseCreation:256.4s] extended upperLimits to 0 entries 
[databaseCreation:256.4s] extended expectedUpperLimits to 0 entries 
[databaseCreation:256.5s] Found region: onShell 1
[databaseCreation:256.5s] Found region: offShell 1
[databaseCreation:256.5s] extend exclusionLines for T1tttt to 1 entries
[databaseCreation:256.5s] extend exclusionLines for T1ttttoff to 1 entries
[databaseCreation:256.5s] Now checking mass plane <smodels_utils.dataPreparation.inputObjects.MassPlane object at 0x7f1e5c42f390>
[databaseCreation:256.5s] we have 2 kin regions
[databaseCreation:256.9s] writing MET3_HT4_nb3/T1tttt.txt
[databaseCreation:257.0s] writing MET3_HT4_nb3/T1ttttoff.txt
[databaseCreation:257.0s] after going through txnames
[databaseCreation:257.0s] writing MET3_HT4_nb3/dataInfo.txt
[databaseCreation:257.0s] done
[databaseCreation:257.0s] start

*** starting creation of database entry for CMS-SUS-12-024*** 

[databaseCreation:257.0s] before going through txnames
[databaseCreation:257.0s] reading T1bbbb
[databaseCreation:257.0s] computing upper limit for 8/8.4/2.1
[databaseCreation:263.7s] done computing upper limit.
[databaseCreation:263.7s] Reading mass plane: T1bbbb, 2*Eq(mother,x)_Eq(lsp,y) [g/T1bbbb_exclusion_corrected.C]
[databaseCreation:270.7s] extended efficiencyMap to 657 entries >>> [[[400.0*GeV, 50.0*GeV], [400.0*GeV, 50.0*GeV]], 0.00239509481175] ... 
[databaseCreation:277.7s] extended efficiencyMap3D to 657 entries >>> [[[400.0*GeV, 50.0*GeV], [400.0*GeV, 50.0*GeV]], 0.00239509481175] ... 
[databaseCreation:277.7s] extended upperLimits to 0 entries 
[databaseCreation:277.7s] extended expectedUpperLimits to 0 entries 
[databaseCreation:277.7s] Found region: onShell 1
[databaseCreation:277.7s] Found region: offShell 1
[databaseCreation:277.7s] extend exclusionLines for T1bbbb to 1 entries
[databaseCreation:277.7s] extend exclusionLines for T1bbbboff to 1 entries
[databaseCreation:277.7s] Now checking mass plane <smodels_utils.dataPreparation.inputObjects.MassPlane object at 0x7f1e5c40fed0>
[databaseCreation:277.8s] we have 2 kin regions
[databaseCreation:278.2s] writing MET4_HT2_nb3/T1bbbb.txt
[databaseCreation:278.2s] reading T1tttt
[databaseCreation:278.2s] computing upper limit for 8/8.4/2.1
[databaseCreation:278.2s] done computing upper limit.
[databaseCreation:278.2s] Reading mass plane: T1tttt, 2*Eq(mother,x)_Eq(lsp,y) [g/T1tttt_exclusion_corrected.C]
[databaseCreation:283.1s] extended efficiencyMap to 502 entries >>> [[[600.0*GeV, 0.0*GeV], [600.0*GeV, 0.0*GeV]], 0.000541977983639] ... 
[databaseCreation:287.9s] extended efficiencyMap3D to 502 entries >>> [[[600.0*GeV, 0.0*GeV], [600.0*GeV, 0.0*GeV]], 0.000541977983639] ... 
[databaseCreation:287.9s] extended upperLimits to 0 entries 
[databaseCreation:287.9s] extended expectedUpperLimits to 0 entries 
[databaseCreation:288.0s] Found region: onShell 1
[databaseCreation:288.0s] Found region: offShell 1
[databaseCreation:288.0s] extend exclusionLines for T1tttt to 1 entries
[databaseCreation:288.0s] extend exclusionLines for T1ttttoff to 1 entries
[databaseCreation:288.0s] Now checking mass plane <smodels_utils.dataPreparation.inputObjects.MassPlane object at 0x7f1e5c42f390>
[databaseCreation:288.0s] we have 2 kin regions
[databaseCreation:288.4s] writing MET4_HT2_nb3/T1tttt.txt
[databaseCreation:288.5s] writing MET4_HT2_nb3/T1ttttoff.txt
[databaseCreation:288.5s] after going through txnames
[databaseCreation:288.5s] writing MET4_HT2_nb3/dataInfo.txt
[databaseCreation:288.5s] done
[databaseCreation:288.5s] start

*** starting creation of database entry for CMS-SUS-12-024*** 

[databaseCreation:288.5s] before going through txnames
[databaseCreation:288.5s] reading T1bbbb
[databaseCreation:288.5s] computing upper limit for 2/2.0/1.0
[databaseCreation:292.4s] done computing upper limit.
[databaseCreation:292.4s] Reading mass plane: T1bbbb, 2*Eq(mother,x)_Eq(lsp,y) [g/T1bbbb_exclusion_corrected.C]
[databaseCreation:299.2s] extended efficiencyMap to 657 entries >>> [[[400.0*GeV, 50.0*GeV], [400.0*GeV, 50.0*GeV]], 0.000933068315927] ... 
[databaseCreation:305.9s] extended efficiencyMap3D to 657 entries >>> [[[400.0*GeV, 50.0*GeV], [400.0*GeV, 50.0*GeV]], 0.000933068315927] ... 
[databaseCreation:305.9s] extended upperLimits to 0 entries 
[databaseCreation:305.9s] extended expectedUpperLimits to 0 entries 
[databaseCreation:305.9s] Found region: onShell 1
[databaseCreation:305.9s] Found region: offShell 1
[databaseCreation:305.9s] extend exclusionLines for T1bbbb to 1 entries
[databaseCreation:305.9s] extend exclusionLines for T1bbbboff to 1 entries
[databaseCreation:305.9s] Now checking mass plane <smodels_utils.dataPreparation.inputObjects.MassPlane object at 0x7f1e5c40fed0>
[databaseCreation:305.9s] we have 2 kin regions
[databaseCreation:306.4s] writing MET4_HT3_nb3/T1bbbb.txt
[databaseCreation:306.4s] reading T1tttt
[databaseCreation:306.4s] computing upper limit for 2/2.0/1.0
[databaseCreation:306.4s] done computing upper limit.
[databaseCreation:306.4s] Reading mass plane: T1tttt, 2*Eq(mother,x)_Eq(lsp,y) [g/T1tttt_exclusion_corrected.C]
[databaseCreation:311.1s] extended efficiencyMap to 502 entries >>> [[[600.0*GeV, 0.0*GeV], [600.0*GeV, 0.0*GeV]], 0.000541977983639] ... 
[databaseCreation:315.8s] extended efficiencyMap3D to 502 entries >>> [[[600.0*GeV, 0.0*GeV], [600.0*GeV, 0.0*GeV]], 0.000541977983639] ... 
[databaseCreation:315.8s] extended upperLimits to 0 entries 
[databaseCreation:315.8s] extended expectedUpperLimits to 0 entries 
[databaseCreation:315.9s] Found region: onShell 1
[databaseCreation:315.9s] Found region: offShell 1
[databaseCreation:315.9s] extend exclusionLines for T1tttt to 1 entries
[databaseCreation:315.9s] extend exclusionLines for T1ttttoff to 1 entries
[databaseCreation:315.9s] Now checking mass plane <smodels_utils.dataPreparation.inputObjects.MassPlane object at 0x7f1e5c42f390>
[databaseCreation:315.9s] we have 2 kin regions
[databaseCreation:316.3s] writing MET4_HT2_nb3/T1tttt.txt
[databaseCreation:316.4s] writing MET4_HT2_nb3/T1ttttoff.txt
[databaseCreation:316.4s] after going through txnames
[databaseCreation:316.4s] writing MET4_HT2_nb3/dataInfo.txt
[databaseCreation:316.4s] done
[databaseCreation:316.4s] start

*** starting creation of database entry for CMS-SUS-12-024*** 

[databaseCreation:316.4s] before going through txnames
[databaseCreation:316.4s] reading T1bbbb
[databaseCreation:316.4s] computing upper limit for 4/2.1/1.1
[databaseCreation:319.5s] done computing upper limit.
[databaseCreation:319.5s] Reading mass plane: T1bbbb, 2*Eq(mother,x)_Eq(lsp,y) [g/T1bbbb_exclusion_corrected.C]
[databaseCreation:326.2s] extended efficiencyMap to 657 entries >>> [[[400.0*GeV, 50.0*GeV], [400.0*GeV, 50.0*GeV]], 0.000900707206048] ... 
[databaseCreation:332.7s] extended efficiencyMap3D to 657 entries >>> [[[400.0*GeV, 50.0*GeV], [400.0*GeV, 50.0*GeV]], 0.000900707206048] ... 
[databaseCreation:332.7s] extended upperLimits to 0 entries 
[databaseCreation:332.7s] extended expectedUpperLimits to 0 entries 
[databaseCreation:332.7s] Found region: onShell 1
[databaseCreation:332.8s] Found region: offShell 1
[databaseCreation:332.8s] extend exclusionLines for T1bbbb to 1 entries
[databaseCreation:332.8s] extend exclusionLines for T1bbbboff to 1 entries
[databaseCreation:332.8s] Now checking mass plane <smodels_utils.dataPreparation.inputObjects.MassPlane object at 0x7f1e5c40fed0>
[databaseCreation:332.8s] we have 2 kin regions
[databaseCreation:333.3s] writing MET4_HT4_nb3/T1bbbb.txt
[databaseCreation:333.3s] reading T1tttt
[databaseCreation:333.3s] computing upper limit for 4/2.1/1.1
[databaseCreation:333.3s] done computing upper limit.
[databaseCreation:333.3s] Reading mass plane: T1tttt, 2*Eq(mother,x)_Eq(lsp,y) [g/T1tttt_exclusion_corrected.C]
[databaseCreation:337.8s] extended efficiencyMap to 502 entries >>> [[[600.0*GeV, 0.0*GeV], [600.0*GeV, 0.0*GeV]], 0.00148042123046] ... 
[databaseCreation:342.5s] extended efficiencyMap3D to 502 entries >>> [[[600.0*GeV, 0.0*GeV], [600.0*GeV, 0.0*GeV]], 0.00148042123046] ... 
[databaseCreation:342.5s] extended upperLimits to 0 entries 
[databaseCreation:342.5s] extended expectedUpperLimits to 0 entries 
[databaseCreation:342.5s] Found region: onShell 1
[databaseCreation:342.5s] Found region: offShell 1
[databaseCreation:342.5s] extend exclusionLines for T1tttt to 1 entries
[databaseCreation:342.5s] extend exclusionLines for T1ttttoff to 1 entries
[databaseCreation:342.5s] Now checking mass plane <smodels_utils.dataPreparation.inputObjects.MassPlane object at 0x7f1e5c42f390>
[databaseCreation:342.5s] we have 2 kin regions
[databaseCreation:343.0s] writing MET4_HT4_nb3/T1tttt.txt
[databaseCreation:343.1s] writing MET4_HT4_nb3/T1ttttoff.txt
[databaseCreation:343.1s] after going through txnames
[databaseCreation:343.1s] writing MET4_HT4_nb3/dataInfo.txt
[databaseCreation:343.1s] done
[databaseCreation:343.1s] start

*** starting creation of database entry for CMS-SUS-12-024*** 

[databaseCreation:343.1s] before going through txnames
[databaseCreation:343.1s] reading T1bbbb
[databaseCreation:343.1s] computing upper limit for 66/70.5/6.3
[databaseCreation:349.7s] done computing upper limit.
[databaseCreation:349.7s] Reading mass plane: T1bbbb, 2*Eq(mother,x)_Eq(lsp,y) [g/T1bbbb_exclusion_corrected.C]
[databaseCreation:356.2s] extended efficiencyMap to 657 entries >>> [[[400.0*GeV, 50.0*GeV], [400.0*GeV, 50.0*GeV]], 0.00402542214966] ... 
[databaseCreation:362.8s] extended efficiencyMap3D to 657 entries >>> [[[400.0*GeV, 50.0*GeV], [400.0*GeV, 50.0*GeV]], 0.00402542214966] ... 
[databaseCreation:362.8s] extended upperLimits to 0 entries 
[databaseCreation:362.8s] extended expectedUpperLimits to 0 entries 
[databaseCreation:362.8s] Found region: onShell 1
[databaseCreation:362.9s] Found region: offShell 1
[databaseCreation:362.9s] extend exclusionLines for T1bbbb to 1 entries
[databaseCreation:362.9s] extend exclusionLines for T1bbbboff to 1 entries
[databaseCreation:362.9s] Now checking mass plane <smodels_utils.dataPreparation.inputObjects.MassPlane object at 0x7f1e5c40fed0>
[databaseCreation:362.9s] we have 2 kin regions
[databaseCreation:363.3s] writing MET4_HT2_nb2/T1bbbb.txt
[databaseCreation:363.3s] reading T1tttt
[databaseCreation:363.3s] computing upper limit for 66/70.5/6.3
[databaseCreation:363.3s] done computing upper limit.
[databaseCreation:363.3s] Reading mass plane: T1tttt, 2*Eq(mother,x)_Eq(lsp,y) [g/T1tttt_exclusion_corrected.C]
[databaseCreation:368.0s] extended efficiencyMap to 502 entries >>> [[[600.0*GeV, 0.0*GeV], [600.0*GeV, 0.0*GeV]], 0.00089636794315] ... 
[databaseCreation:372.6s] extended efficiencyMap3D to 502 entries >>> [[[600.0*GeV, 0.0*GeV], [600.0*GeV, 0.0*GeV]], 0.00089636794315] ... 
[databaseCreation:372.6s] extended upperLimits to 0 entries 
[databaseCreation:372.6s] extended expectedUpperLimits to 0 entries 
[databaseCreation:372.6s] Found region: onShell 1
[databaseCreation:372.6s] Found region: offShell 1
[databaseCreation:372.6s] extend exclusionLines for T1tttt to 1 entries
[databaseCreation:372.6s] extend exclusionLines for T1ttttoff to 1 entries
[databaseCreation:372.6s] Now checking mass plane <smodels_utils.dataPreparation.inputObjects.MassPlane object at 0x7f1e5c42f390>
[databaseCreation:372.7s] we have 2 kin regions
[databaseCreation:373.0s] writing MET4_HT2_nb2/T1tttt.txt
[databaseCreation:373.1s] writing MET4_HT2_nb2/T1ttttoff.txt
[databaseCreation:373.1s] after going through txnames
[databaseCreation:373.1s] writing MET4_HT2_nb2/dataInfo.txt
[databaseCreation:373.1s] done
[databaseCreation:373.1s] start

*** starting creation of database entry for CMS-SUS-12-024*** 

[databaseCreation:373.1s] before going through txnames
[databaseCreation:373.1s] reading T1bbbb
[databaseCreation:373.1s] computing upper limit for 19/20.7/3.2
[databaseCreation:380.7s] done computing upper limit.
[databaseCreation:380.7s] Reading mass plane: T1bbbb, 2*Eq(mother,x)_Eq(lsp,y) [g/T1bbbb_exclusion_corrected.C]
[databaseCreation:387.3s] extended efficiencyMap to 657 entries >>> [[[400.0*GeV, 50.0*GeV], [400.0*GeV, 50.0*GeV]], 0.00115703168674] ... 
[databaseCreation:393.8s] extended efficiencyMap3D to 657 entries >>> [[[400.0*GeV, 50.0*GeV], [400.0*GeV, 50.0*GeV]], 0.00115703168674] ... 
[databaseCreation:393.8s] extended upperLimits to 0 entries 
[databaseCreation:393.8s] extended expectedUpperLimits to 0 entries 
[databaseCreation:393.9s] Found region: onShell 1
[databaseCreation:393.9s] Found region: offShell 1
[databaseCreation:393.9s] extend exclusionLines for T1bbbb to 1 entries
[databaseCreation:393.9s] extend exclusionLines for T1bbbboff to 1 entries
[databaseCreation:393.9s] Now checking mass plane <smodels_utils.dataPreparation.inputObjects.MassPlane object at 0x7f1e5c40fed0>
[databaseCreation:393.9s] we have 2 kin regions
[databaseCreation:394.4s] writing MET4_HT3_nb2/T1bbbb.txt
[databaseCreation:394.4s] reading T1tttt
[databaseCreation:394.4s] computing upper limit for 19/20.7/3.2
[databaseCreation:394.4s] done computing upper limit.
[databaseCreation:394.4s] Reading mass plane: T1tttt, 2*Eq(mother,x)_Eq(lsp,y) [g/T1tttt_exclusion_corrected.C]
[databaseCreation:399.0s] extended efficiencyMap to 502 entries >>> [[[600.0*GeV, 0.0*GeV], [600.0*GeV, 0.0*GeV]], 0.000843642523343] ... 
[databaseCreation:403.6s] extended efficiencyMap3D to 502 entries >>> [[[600.0*GeV, 0.0*GeV], [600.0*GeV, 0.0*GeV]], 0.000843642523343] ... 
[databaseCreation:403.6s] extended upperLimits to 0 entries 
[databaseCreation:403.6s] extended expectedUpperLimits to 0 entries 
[databaseCreation:403.6s] Found region: onShell 1
[databaseCreation:403.7s] Found region: offShell 1
[databaseCreation:403.7s] extend exclusionLines for T1tttt to 1 entries
[databaseCreation:403.7s] extend exclusionLines for T1ttttoff to 1 entries
[databaseCreation:403.7s] Now checking mass plane <smodels_utils.dataPreparation.inputObjects.MassPlane object at 0x7f1e5c42f390>
[databaseCreation:403.7s] we have 2 kin regions
[databaseCreation:404.0s] writing MET4_HT3_nb2/T1tttt.txt
[databaseCreation:404.1s] writing MET4_HT3_nb2/T1ttttoff.txt
[databaseCreation:404.1s] after going through txnames
[databaseCreation:404.1s] writing MET4_HT3_nb2/dataInfo.txt
[databaseCreation:404.1s] done
[databaseCreation:404.1s] start

*** starting creation of database entry for CMS-SUS-12-024*** 

[databaseCreation:404.1s] before going through txnames
[databaseCreation:404.1s] reading T1bbbb
[databaseCreation:404.1s] computing upper limit for 19/19.0/3.2
[databaseCreation:406.4s] done computing upper limit.
[databaseCreation:406.4s] Reading mass plane: T1bbbb, 2*Eq(mother,x)_Eq(lsp,y) [g/T1bbbb_exclusion_corrected.C]
[databaseCreation:412.9s] extended efficiencyMap to 657 entries >>> [[[400.0*GeV, 50.0*GeV], [400.0*GeV, 50.0*GeV]], 0.00115969369194] ... 
[databaseCreation:419.4s] extended efficiencyMap3D to 657 entries >>> [[[400.0*GeV, 50.0*GeV], [400.0*GeV, 50.0*GeV]], 0.00115969369194] ... 
[databaseCreation:419.4s] extended upperLimits to 0 entries 
[databaseCreation:419.4s] extended expectedUpperLimits to 0 entries 
[databaseCreation:419.4s] Found region: onShell 1
[databaseCreation:419.5s] Found region: offShell 1
[databaseCreation:419.5s] extend exclusionLines for T1bbbb to 1 entries
[databaseCreation:419.5s] extend exclusionLines for T1bbbboff to 1 entries
[databaseCreation:419.5s] Now checking mass plane <smodels_utils.dataPreparation.inputObjects.MassPlane object at 0x7f1e5c40fed0>
[databaseCreation:419.5s] we have 2 kin regions
[databaseCreation:420.0s] writing MET4_HT4_nb2/T1bbbb.txt
[databaseCreation:420.0s] reading T1tttt
[databaseCreation:420.0s] computing upper limit for 19/19.0/3.2
[databaseCreation:420.0s] done computing upper limit.
[databaseCreation:420.0s] Reading mass plane: T1tttt, 2*Eq(mother,x)_Eq(lsp,y) [g/T1tttt_exclusion_corrected.C]
[databaseCreation:424.6s] extended efficiencyMap to 502 entries >>> [[[600.0*GeV, 0.0*GeV], [600.0*GeV, 0.0*GeV]], 0.00158327748143] ... 
[databaseCreation:429.2s] extended efficiencyMap3D to 502 entries >>> [[[600.0*GeV, 0.0*GeV], [600.0*GeV, 0.0*GeV]], 0.00158327748143] ... 
[databaseCreation:429.2s] extended upperLimits to 0 entries 
[databaseCreation:429.2s] extended expectedUpperLimits to 0 entries 
[databaseCreation:429.2s] Found region: onShell 1
[databaseCreation:429.3s] Found region: offShell 1
[databaseCreation:429.3s] extend exclusionLines for T1tttt to 1 entries
[databaseCreation:429.3s] extend exclusionLines for T1ttttoff to 1 entries
[databaseCreation:429.3s] Now checking mass plane <smodels_utils.dataPreparation.inputObjects.MassPlane object at 0x7f1e5c42f390>
[databaseCreation:429.3s] we have 2 kin regions
[databaseCreation:429.6s] writing MET4_HT4_nb2/T1tttt.txt
[databaseCreation:429.7s] writing MET4_HT4_nb2/T1ttttoff.txt
[databaseCreation:429.7s] after going through txnames
[databaseCreation:429.7s] writing MET4_HT4_nb2/dataInfo.txt
[databaseCreation:429.7s] done
