TCanvas::Constructor:0: RuntimeWarning: Deleting canvas with same name: cCONT_
TROOT::Append:0: RuntimeWarning: Replacing existing TH1: emptyHisto (Potential memory leak).
TROOT::Append:0: RuntimeWarning: Replacing existing TH1: hXsec_exp_corr (Potential memory leak).
TCanvas::Constructor:0: RuntimeWarning: Deleting canvas with same name: cCONT_
TROOT::Append:0: RuntimeWarning: Replacing existing TH1: emptyHisto (Potential memory leak).
TROOT::Append:0: RuntimeWarning: Replacing existing TH1: hXsec_exp_corr (Potential memory leak).
TCanvas::Constructor:0: RuntimeWarning: Deleting canvas with same name: cCONT_
TROOT::Append:0: RuntimeWarning: Replacing existing TH1: emptyHisto (Potential memory leak).
TCanvas::Constructor:0: RuntimeWarning: Deleting canvas with same name: cCONT_
TROOT::Append:0: RuntimeWarning: Replacing existing TH1: emptyHisto (Potential memory leak).
TROOT::Append:0: RuntimeWarning: Replacing existing TH1: hXsec_obs_final (Potential memory leak).
TCanvas::Constructor:0: RuntimeWarning: Deleting canvas with same name: cCONT_
TROOT::Append:0: RuntimeWarning: Replacing existing TH1: emptyHisto (Potential memory leak).
TROOT::Append:0: RuntimeWarning: Replacing existing TH1: hXsec_obs_final (Potential memory leak).
[databaseCreation:0.0s] start

*** starting creation of database entry for CMS-SUS-12-024*** 

[databaseCreation:0.0s] cleaned up in /scratch/federico/SModelS_Hamburg/smodels-database/8TeV/CMS/CMS-SUS-12-024/ 
[databaseCreation:0.0s] writing ./globalInfo.txt
[databaseCreation:0.0s] creating validation folder /scratch/federico/SModelS_Hamburg/smodels-utils/smodels_utils/dataPreparation/databaseCreation.py
[databaseCreation:0.0s] before going through txnames
[databaseCreation:0.0s] reading T1bbbb
[databaseCreation:0.0s] Reading mass plane: T1bbbb, 2*Eq(mother,x)_Eq(lsp,y) [g/T1bbbb_exclusion_corrected.C]
[databaseCreation:0.0s] extended efficiencyMap to 0 entries 
[databaseCreation:0.0s] extended efficiencyMap3D to 0 entries 
[databaseCreation:15.8s] extended upperLimits to 1449 entries >>> [[[400.0*GeV, 0.0*GeV], [400.0*GeV, 0.0*GeV]], 0.08781167*pb] ... 
[databaseCreation:15.8s] extended expectedUpperLimits to 0 entries 
[databaseCreation:15.9s] Found region: onShell 1
[databaseCreation:16.0s] Found region: offShell 1
[databaseCreation:16.0s] extend exclusionLines for T1bbbb to 1 entries
[databaseCreation:16.0s] extend exclusionLines for T1bbbboff to 1 entries
[databaseCreation:16.0s] Now checking mass plane <smodels_utils.dataPreparation.inputObjects.MassPlane object at 0x7ff6b8290ed0>
[databaseCreation:16.0s] we have 2 kin regions
[databaseCreation:17.1s] writing ./data/T1bbbb.txt
[databaseCreation:17.1s] reading T1tttt
[databaseCreation:17.1s] Reading mass plane: T1tttt, 2*Eq(mother,x)_Eq(lsp,y) [g/T1tttt_exclusion_corrected.C]
[databaseCreation:17.1s] extended efficiencyMap to 0 entries 
[databaseCreation:17.1s] extended efficiencyMap3D to 0 entries 
[databaseCreation:28.8s] extended upperLimits to 1167 entries >>> [[[400.0*GeV, 0.0*GeV], [400.0*GeV, 0.0*GeV]], 1.815773*pb] ... 
[databaseCreation:28.8s] extended expectedUpperLimits to 0 entries 
[databaseCreation:28.9s] Found region: onShell 1
[databaseCreation:28.9s] Found region: offShell 1
[databaseCreation:28.9s] extend exclusionLines for T1tttt to 1 entries
[databaseCreation:28.9s] extend exclusionLines for T1ttttoff to 1 entries
[databaseCreation:28.9s] Now checking mass plane <smodels_utils.dataPreparation.inputObjects.MassPlane object at 0x7ff6b82b0390>
[databaseCreation:28.9s] we have 2 kin regions
[databaseCreation:29.8s] writing ./data/T1tttt.txt
[databaseCreation:30.1s] writing ./data/T1ttttoff.txt
[databaseCreation:30.1s] after going through txnames
[databaseCreation:30.1s] writing ./data/dataInfo.txt
[databaseCreation:30.1s] done
