[databaseCreation:0.0s] start

*** starting creation of database entry for CMS-PAS-SUS-13-018*** 

[databaseCreation:0.0s] cleaned up in /scratch/federico/SModelS_Hamburg/smodels-database/8TeV/CMS/CMS-PAS-SUS-13-018/ 
[databaseCreation:0.0s] writing ./globalInfo.txt
[databaseCreation:0.0s] creating validation folder /scratch/federico/SModelS_Hamburg/smodels-utils/smodels_utils/dataPreparation/databaseCreation.py
[databaseCreation:0.0s] before going through txnames
[databaseCreation:0.0s] reading T2bb
[databaseCreation:0.0s] Reading mass plane: T2bb, 2*Eq(mother,x)_Eq(lsp,y) [d_obsExclOneTimesProspino.root]
[databaseCreation:0.0s] extended efficiencyMap to 0 entries 
[databaseCreation:0.0s] extended efficiencyMap3D to 0 entries 
[databaseCreation:2.7s] extended upperLimits to 230 entries >>> [[[100.0*GeV, 50.0*GeV], [100.0*GeV, 50.0*GeV]], 566.306213379*pb] ... 
[databaseCreation:2.7s] extended expectedUpperLimits to 0 entries 
[databaseCreation:2.8s] Found region: onShell 1
[databaseCreation:2.8s] Found region: offShell 1
[databaseCreation:2.8s] extend exclusionLines for T2bb to 6 entries
[databaseCreation:2.8s] extend exclusionLines for T2bboff to 6 entries
[databaseCreation:2.8s] Now checking mass plane <smodels_utils.dataPreparation.inputObjects.MassPlane object at 0x7fb2a4f7fe10>
[databaseCreation:2.8s] we have 2 kin regions
[databaseCreation:3.0s] writing ./data/T2bb.txt
[databaseCreation:3.0s] after going through txnames
[databaseCreation:3.0s] writing ./data/dataInfo.txt
[databaseCreation:3.0s] done
