[databaseCreation:0.0s] start

*** starting creation of database entry for CMS-PAS-SUS-12-026*** 

[databaseCreation:0.0s] cleaned up in /scratch/federico/SModelS_Hamburg/smodels-database/8TeV/CMS/CMS-PAS-SUS-12-026/ 
[databaseCreation:0.0s] writing ./globalInfo.txt
[databaseCreation:0.0s] creating validation folder /scratch/federico/SModelS_Hamburg/smodels-utils/smodels_utils/dataPreparation/databaseCreation.py
[databaseCreation:0.0s] before going through txnames
[databaseCreation:0.0s] reading T1tttt
[databaseCreation:0.0s] Reading mass plane: T1tttt, 2*Eq(mother,x)_Eq(lsp,y) [orig/T1tttt_Excl.txt]
[databaseCreation:0.0s] extended efficiencyMap to 0 entries 
[databaseCreation:0.0s] extended efficiencyMap3D to 0 entries 
[databaseCreation:1.6s] extended upperLimits to 121 entries >>> [[[600.0*GeV, 0.0*GeV], [600.0*GeV, 0.0*GeV]], 0.062014793396*pb] ... 
[databaseCreation:2.8s] extended expectedUpperLimits to 121 entries >>> [[[600.0*GeV, 0.0*GeV], [600.0*GeV, 0.0*GeV]], 82.8455657959*pb] ... 
[databaseCreation:2.8s] Found region: onShell 1
[databaseCreation:2.8s] Found region: offShell 1
[databaseCreation:2.8s] extend exclusionLines for T1tttt to 1 entries
[databaseCreation:2.8s] extend exclusionLines for T1ttttoff to 1 entries
[databaseCreation:2.8s] Now checking mass plane <smodels_utils.dataPreparation.inputObjects.MassPlane object at 0x7f1caf1c7ed0>
[databaseCreation:2.8s] we have 2 kin regions
[databaseCreation:3.0s] writing ./data/T1tttt.txt
[databaseCreation:3.0s] after going through txnames
[databaseCreation:3.0s] writing ./data/dataInfo.txt
[databaseCreation:3.0s] done
